SonarQube plugins:
  - SonarC# 6.5.0.3766 (csharp)
  - SonarPython 1.8.0.1496 (python)
  - SonarJava 4.15.0.12310 (java)
  - Flex 2.3 (flex)
  - SonarQube :: Plugins :: SCM :: Git 1.3.0.869 (scmgit)
  - SonarXML 1.4.3.1027 (xml)
  - SonarPHP 2.11.0.2485 (php)
  - SonarTS 1.1.0.1079 (typescript)
  - SonarQube :: Plugins :: SCM :: SVN 1.6.0.860 (scmsvn)
  - SonarJS 3.2.0.5506 (javascript)
Global properties:
  - sonar.core.id=AWwfH04ytrtLTeOhepEu
  - sonar.core.startTime=2019-11-08T10:16:42+0000
Settings for module: my:project
  - sonar.host.url=http://localhost:9000
  - sonar.projectBaseDir=/home/admin81/fundoo/fundooproject
  - sonar.projectKey=my:project
  - sonar.projectName=My project
  - sonar.projectVersion=1.0
  - sonar.python.coverage.reportPath="/home/admin81/fundoo/fundooproject/.coverage"
  - sonar.scanner.app=ScannerCli
  - sonar.scanner.appVersion=4.0.0.1744
  - sonar.sourceEncoding=UTF-8
  - sonar.sources=.
  - sonar.working.directory=/home/admin81/fundoo/fundooproject/.scannerwork
